Traceback (most recent call last):
  File "/Users/emilyqin/Desktop/traffic-predictor/main.py", line 216, in <module>
    take_screenshot_and_update_csv()
  File "/Users/emilyqin/Desktop/traffic-predictor/main.py", line 85, in take_screenshot_and_update_csv
    with open(classes_path, 'r') as f:
         ^^^^^^^^^^^^^^^^^^^^^^^
FileNotFoundError: [Errno 2] No such file or directory: 'yolov3.txt'
Traceback (most recent call last):
  File "/Users/emilyqin/Desktop/traffic-predictor/main.py", line 216, in <module>
    take_screenshot_and_update_csv()
  File "/Users/emilyqin/Desktop/traffic-predictor/main.py", line 85, in take_screenshot_and_update_csv
    with open(classes_path, 'r') as f:
         ^^^^^^^^^^^^^^^^^^^^^^^
FileNotFoundError: [Errno 2] No such file or directory: 'yolov3.txt'
Traceback (most recent call last):
  File "/Users/emilyqin/Desktop/traffic-predictor/main.py", line 218, in <module>
    take_screenshot_and_update_csv()
  File "/Users/emilyqin/Desktop/traffic-predictor/main.py", line 85, in take_screenshot_and_update_csv
    with open(classes_path, 'r') as f:
         ^^^^^^^^^^^^^^^^^^^^^^^
FileNotFoundError: [Errno 2] No such file or directory: 'yolov3.txt'
Traceback (most recent call last):
  File "/Users/emilyqin/Desktop/traffic-predictor/main.py", line 219, in <module>
    take_screenshot_and_update_csv()
  File "/Users/emilyqin/Desktop/traffic-predictor/main.py", line 85, in take_screenshot_and_update_csv
    with open(classes_path, 'r') as f:
         ^^^^^^^^^^^^^^^^^^^^^^^
FileNotFoundError: [Errno 2] No such file or directory: 'yolov3.txt'
Traceback (most recent call last):
  File "/Users/emilyqin/Desktop/traffic-predictor/main.py", line 220, in <module>
    take_screenshot_and_update_csv()
  File "/Users/emilyqin/Desktop/traffic-predictor/main.py", line 86, in take_screenshot_and_update_csv
    with open(classes_path, 'r') as f:
         ^^^^^^^^^^^^^^^^^^^^^^^
FileNotFoundError: [Errno 2] No such file or directory: 'yolov3.txt'
Traceback (most recent call last):
  File "/Users/emilyqin/Desktop/traffic-predictor/main.py", line 220, in <module>
    take_screenshot_and_update_csv()
  File "/Users/emilyqin/Desktop/traffic-predictor/main.py", line 86, in take_screenshot_and_update_csv
    with open(classes_path, 'r') as f:
         ^^^^^^^^^^^^^^^^^^^^^^^
FileNotFoundError: [Errno 2] No such file or directory: 'yolov3.txt'
Traceback (most recent call last):
  File "/Users/emilyqin/Desktop/traffic-predictor/main.py", line 221, in <module>
    take_screenshot_and_update_csv()
  File "/Users/emilyqin/Desktop/traffic-predictor/main.py", line 86, in take_screenshot_and_update_csv
    with open(classes_path, 'r') as f:
         ^^^^^^^^^^^^^^^^^^^^^^^
FileNotFoundError: [Errno 2] No such file or directory: 'yolov3.txt'
Traceback (most recent call last):
  File "/Users/emilyqin/Desktop/traffic-predictor/main.py", line 221, in <module>
    take_screenshot_and_update_csv()
  File "/Users/emilyqin/Desktop/traffic-predictor/main.py", line 61, in take_screenshot_and_update_csv
    im.save('/User/emilyqin/Desktop/traffic-predictor/cropped_screenshot.png')
  File "/Users/emilyqin/.virtualenvs/cv/lib/python3.11/site-packages/PIL/Image.py", line 2563, in save
    fp = builtins.open(filename, "w+b")
         ^^^^^^^^^^^^^^^^^^^^^^^^^^^^^^
FileNotFoundError: [Errno 2] No such file or directory: '/User/emilyqin/Desktop/traffic-predictor/cropped_screenshot.png'
Traceback (most recent call last):
  File "/Users/emilyqin/Desktop/traffic-predictor/main.py", line 221, in <module>
    take_screenshot_and_update_csv()
  File "/Users/emilyqin/Desktop/traffic-predictor/main.py", line 61, in take_screenshot_and_update_csv
    im.save('/User/emilyqin/Desktop/traffic-predictor/cropped_screenshot.png')
  File "/Users/emilyqin/.virtualenvs/cv/lib/python3.11/site-packages/PIL/Image.py", line 2563, in save
    fp = builtins.open(filename, "w+b")
         ^^^^^^^^^^^^^^^^^^^^^^^^^^^^^^
FileNotFoundError: [Errno 2] No such file or directory: '/User/emilyqin/Desktop/traffic-predictor/cropped_screenshot.png'
before
Traceback (most recent call last):
  File "/Users/emilyqin/Desktop/traffic-predictor/main.py", line 221, in <module>
    take_screenshot_and_update_csv()
  File "/Users/emilyqin/Desktop/traffic-predictor/main.py", line 196, in take_screenshot_and_update_csv
    with open(csvFilePath, 'a') as f:
         ^^^^^^^^^^^^^^^^^^^^^^
FileNotFoundError: [Errno 2] No such file or directory: '/User/emilyqin/Desktop/traffic-predictor/information.csv'
before
opened
before take screenshot
after take screenshot
before take screenshot
after take screenshot
before take screenshot
after take screenshot
before take screenshot
after take screenshot
before take screenshot
Current Working Directory: /Users/emilyqin
Traceback (most recent call last):
  File "/Users/emilyqin/Desktop/traffic-predictor/main.py", line 224, in <module>
    take_screenshot_and_update_csv()
  File "/Users/emilyqin/Desktop/traffic-predictor/main.py", line 71, in take_screenshot_and_update_csv
    print("Classes Path:", classes_path)
                           ^^^^^^^^^^^^
UnboundLocalError: cannot access local variable 'classes_path' where it is not associated with a value
before take screenshot
Current Working Directory: /Users/emilyqin
Classes Path: /Users/emilyqin/Desktop/traffic-predictor/yolov3.txt
after take screenshot
before take screenshot
Current Working Directory: /Users/emilyqin
Classes Path: /Users/emilyqin/Desktop/traffic-predictor/yolov3.txt
after take screenshot
before take screenshot
before assignemnt
after assignment
Current Working Directory: /Users/emilyqin
Classes Path: /Users/emilyqin/Desktop/traffic-predictor/yolov3.txt
after take screenshot
before assignemnt
after assignment
Current Working Directory: /Users/emilyqin
Classes Path: /Users/emilyqin/Desktop/traffic-predictor/yolov3.txt
before assignemnt
after assignment
Current Working Directory: /Users/emilyqin/Desktop/traffic-predictor
Classes Path: /Users/emilyqin/Desktop/traffic-predictor/yolov3.txt
Current working directory: /Users/emilyqin/Desktop/traffic-predictor
Classes path: /Users/emilyqin/Desktop/traffic-predictor/yolov3.txt
before assignemnt
after assignment
Current Working Directory: /Users/emilyqin/Desktop/traffic-predictor
Classes Path: /Users/emilyqin/Desktop/traffic-predictor/yolov3.txt
Current working directory: /Users/emilyqin/Desktop/traffic-predictor
Classes path: /Users/emilyqin/Desktop/traffic-predictor/yolov3.txt
before assignemnt
after assignment
Current Working Directory: /Users/emilyqin/Desktop/traffic-predictor
Classes Path: /Users/emilyqin/Desktop/traffic-predictor/yolov3.txt
Image path: /Users/emilyqin/Desktop/traffic-predictor/cropped_screenshot.png
Config path: /Users/emilyqin/Desktop/traffic-predictor/yolov3.cfg
Weights path: /Users/emilyqin/Desktop/traffic-predictor/yolov3.weights
Classes path: /Users/emilyqin/Desktop/traffic-predictor/yolov3.txt
Does image path exist? True
Image path: /Users/emilyqin/Desktop/traffic-predictor/cropped_screenshot.png
Config path: /Users/emilyqin/Desktop/traffic-predictor/yolov3.cfg
Weights path: /Users/emilyqin/Desktop/traffic-predictor/yolov3.weights
Classes path: /Users/emilyqin/Desktop/traffic-predictor/yolov3.txt
Does image path exist? True
Image path: /Users/emilyqin/Desktop/traffic-predictor/cropped_screenshot.png
Config path: /Users/emilyqin/Desktop/traffic-predictor/yolov3.cfg
Weights path: /Users/emilyqin/Desktop/traffic-predictor/yolov3.weights
Classes path: /Users/emilyqin/Desktop/traffic-predictor/yolov3.txt
Does image path exist? True
Image path: /Users/emilyqin/Desktop/traffic-predictor/cropped_screenshot.png
Config path: /Users/emilyqin/Desktop/traffic-predictor/yolov3.cfg
Weights path: /Users/emilyqin/Desktop/traffic-predictor/yolov3.weights
Classes path: /Users/emilyqin/Desktop/traffic-predictor/yolov3.txt
Does image path exist? True
Image path: /Users/emilyqin/Desktop/traffic-predictor/cropped_screenshot.png
Config path: /Users/emilyqin/Desktop/traffic-predictor/yolov3.cfg
Weights path: /Users/emilyqin/Desktop/traffic-predictor/yolov3.weights
Classes path: /Users/emilyqin/Desktop/traffic-predictor/yolov3.txt
Does image path exist? True
Image path: /Users/emilyqin/Desktop/traffic-predictor/cropped_screenshot.png
Config path: /Users/emilyqin/Desktop/traffic-predictor/yolov3.cfg
Weights path: /Users/emilyqin/Desktop/traffic-predictor/yolov3.weights
Classes path: /Users/emilyqin/Desktop/traffic-predictor/yolov3.txt
Does image path exist? True
Image path: /Users/emilyqin/Desktop/traffic-predictor/cropped_screenshot.png
Config path: /Users/emilyqin/Desktop/traffic-predictor/yolov3.cfg
Weights path: /Users/emilyqin/Desktop/traffic-predictor/yolov3.weights
Classes path: /Users/emilyqin/Desktop/traffic-predictor/yolov3.txt
Does image path exist? True
Image path: /Users/emilyqin/Desktop/traffic-predictor/cropped_screenshot.png
Config path: /Users/emilyqin/Desktop/traffic-predictor/yolov3.cfg
Weights path: /Users/emilyqin/Desktop/traffic-predictor/yolov3.weights
Classes path: /Users/emilyqin/Desktop/traffic-predictor/yolov3.txt
Does image path exist? True
Image path: /Users/emilyqin/Desktop/traffic-predictor/cropped_screenshot.png
Config path: /Users/emilyqin/Desktop/traffic-predictor/yolov3.cfg
Weights path: /Users/emilyqin/Desktop/traffic-predictor/yolov3.weights
Classes path: /Users/emilyqin/Desktop/traffic-predictor/yolov3.txt
Does image path exist? True
Image path: /Users/emilyqin/Desktop/traffic-predictor/cropped_screenshot.png
Config path: /Users/emilyqin/Desktop/traffic-predictor/yolov3.cfg
Weights path: /Users/emilyqin/Desktop/traffic-predictor/yolov3.weights
Classes path: /Users/emilyqin/Desktop/traffic-predictor/yolov3.txt
Does image path exist? True
Image path: /Users/emilyqin/Desktop/traffic-predictor/cropped_screenshot.png
Config path: /Users/emilyqin/Desktop/traffic-predictor/yolov3.cfg
Weights path: /Users/emilyqin/Desktop/traffic-predictor/yolov3.weights
Classes path: /Users/emilyqin/Desktop/traffic-predictor/yolov3.txt
Does image path exist? True
Image path: /Users/emilyqin/Desktop/traffic-predictor/cropped_screenshot.png
Config path: /Users/emilyqin/Desktop/traffic-predictor/yolov3.cfg
Weights path: /Users/emilyqin/Desktop/traffic-predictor/yolov3.weights
Classes path: /Users/emilyqin/Desktop/traffic-predictor/yolov3.txt
Does image path exist? True
Image path: /Users/emilyqin/Desktop/traffic-predictor/cropped_screenshot.png
Config path: /Users/emilyqin/Desktop/traffic-predictor/yolov3.cfg
Weights path: /Users/emilyqin/Desktop/traffic-predictor/yolov3.weights
Classes path: /Users/emilyqin/Desktop/traffic-predictor/yolov3.txt
Does image path exist? True
Image path: /Users/emilyqin/Desktop/traffic-predictor/cropped_screenshot.png
Config path: /Users/emilyqin/Desktop/traffic-predictor/yolov3.cfg
Weights path: /Users/emilyqin/Desktop/traffic-predictor/yolov3.weights
Classes path: /Users/emilyqin/Desktop/traffic-predictor/yolov3.txt
Does image path exist? True
Image path: /Users/emilyqin/Desktop/traffic-predictor/cropped_screenshot.png
Config path: /Users/emilyqin/Desktop/traffic-predictor/yolov3.cfg
Weights path: /Users/emilyqin/Desktop/traffic-predictor/yolov3.weights
Classes path: /Users/emilyqin/Desktop/traffic-predictor/yolov3.txt
Does image path exist? True
Image path: /Users/emilyqin/Desktop/traffic-predictor/cropped_screenshot.png
Config path: /Users/emilyqin/Desktop/traffic-predictor/yolov3.cfg
Weights path: /Users/emilyqin/Desktop/traffic-predictor/yolov3.weights
Classes path: /Users/emilyqin/Desktop/traffic-predictor/yolov3.txt
Does image path exist? True
Image path: /Users/emilyqin/Desktop/traffic-predictor/cropped_screenshot.png
Config path: /Users/emilyqin/Desktop/traffic-predictor/yolov3.cfg
Weights path: /Users/emilyqin/Desktop/traffic-predictor/yolov3.weights
Classes path: /Users/emilyqin/Desktop/traffic-predictor/yolov3.txt
Does image path exist? True
Image path: /Users/emilyqin/Desktop/traffic-predictor/cropped_screenshot.png
Config path: /Users/emilyqin/Desktop/traffic-predictor/yolov3.cfg
Weights path: /Users/emilyqin/Desktop/traffic-predictor/yolov3.weights
Classes path: /Users/emilyqin/Desktop/traffic-predictor/yolov3.txt
Does image path exist? True
Image path: /Users/emilyqin/Desktop/traffic-predictor/cropped_screenshot.png
Config path: /Users/emilyqin/Desktop/traffic-predictor/yolov3.cfg
Weights path: /Users/emilyqin/Desktop/traffic-predictor/yolov3.weights
Classes path: /Users/emilyqin/Desktop/traffic-predictor/yolov3.txt
Does image path exist? True
Image path: /Users/emilyqin/Desktop/traffic-predictor/cropped_screenshot.png
Config path: /Users/emilyqin/Desktop/traffic-predictor/yolov3.cfg
Weights path: /Users/emilyqin/Desktop/traffic-predictor/yolov3.weights
Classes path: /Users/emilyqin/Desktop/traffic-predictor/yolov3.txt
Does image path exist? True
Image path: /Users/emilyqin/Desktop/traffic-predictor/cropped_screenshot.png
Config path: /Users/emilyqin/Desktop/traffic-predictor/yolov3.cfg
Weights path: /Users/emilyqin/Desktop/traffic-predictor/yolov3.weights
Classes path: /Users/emilyqin/Desktop/traffic-predictor/yolov3.txt
Does image path exist? True
Image path: /Users/emilyqin/Desktop/traffic-predictor/cropped_screenshot.png
Config path: /Users/emilyqin/Desktop/traffic-predictor/yolov3.cfg
Weights path: /Users/emilyqin/Desktop/traffic-predictor/yolov3.weights
Classes path: /Users/emilyqin/Desktop/traffic-predictor/yolov3.txt
Does image path exist? True
Image path: /Users/emilyqin/Desktop/traffic-predictor/cropped_screenshot.png
Config path: /Users/emilyqin/Desktop/traffic-predictor/yolov3.cfg
Weights path: /Users/emilyqin/Desktop/traffic-predictor/yolov3.weights
Classes path: /Users/emilyqin/Desktop/traffic-predictor/yolov3.txt
Does image path exist? True
Image path: /Users/emilyqin/Desktop/traffic-predictor/cropped_screenshot.png
Config path: /Users/emilyqin/Desktop/traffic-predictor/yolov3.cfg
Weights path: /Users/emilyqin/Desktop/traffic-predictor/yolov3.weights
Classes path: /Users/emilyqin/Desktop/traffic-predictor/yolov3.txt
Does image path exist? True
Image path: /Users/emilyqin/Desktop/traffic-predictor/cropped_screenshot.png
Config path: /Users/emilyqin/Desktop/traffic-predictor/yolov3.cfg
Weights path: /Users/emilyqin/Desktop/traffic-predictor/yolov3.weights
Classes path: /Users/emilyqin/Desktop/traffic-predictor/yolov3.txt
Does image path exist? True
Image path: /Users/emilyqin/Desktop/traffic-predictor/cropped_screenshot.png
Config path: /Users/emilyqin/Desktop/traffic-predictor/yolov3.cfg
Weights path: /Users/emilyqin/Desktop/traffic-predictor/yolov3.weights
Classes path: /Users/emilyqin/Desktop/traffic-predictor/yolov3.txt
Does image path exist? True
Image path: /Users/emilyqin/Desktop/traffic-predictor/cropped_screenshot.png
Config path: /Users/emilyqin/Desktop/traffic-predictor/yolov3.cfg
Weights path: /Users/emilyqin/Desktop/traffic-predictor/yolov3.weights
Classes path: /Users/emilyqin/Desktop/traffic-predictor/yolov3.txt
Does image path exist? True
Image path: /Users/emilyqin/Desktop/traffic-predictor/cropped_screenshot.png
Config path: /Users/emilyqin/Desktop/traffic-predictor/yolov3.cfg
Weights path: /Users/emilyqin/Desktop/traffic-predictor/yolov3.weights
Classes path: /Users/emilyqin/Desktop/traffic-predictor/yolov3.txt
Does image path exist? True
Image path: /Users/emilyqin/Desktop/traffic-predictor/cropped_screenshot.png
Config path: /Users/emilyqin/Desktop/traffic-predictor/yolov3.cfg
Weights path: /Users/emilyqin/Desktop/traffic-predictor/yolov3.weights
Classes path: /Users/emilyqin/Desktop/traffic-predictor/yolov3.txt
Does image path exist? True
Image path: /Users/emilyqin/Desktop/traffic-predictor/cropped_screenshot.png
Config path: /Users/emilyqin/Desktop/traffic-predictor/yolov3.cfg
Weights path: /Users/emilyqin/Desktop/traffic-predictor/yolov3.weights
Classes path: /Users/emilyqin/Desktop/traffic-predictor/yolov3.txt
Does image path exist? True
Image path: /Users/emilyqin/Desktop/traffic-predictor/cropped_screenshot.png
Config path: /Users/emilyqin/Desktop/traffic-predictor/yolov3.cfg
Weights path: /Users/emilyqin/Desktop/traffic-predictor/yolov3.weights
Classes path: /Users/emilyqin/Desktop/traffic-predictor/yolov3.txt
Does image path exist? True
Image path: /Users/emilyqin/Desktop/traffic-predictor/cropped_screenshot.png
Config path: /Users/emilyqin/Desktop/traffic-predictor/yolov3.cfg
Weights path: /Users/emilyqin/Desktop/traffic-predictor/yolov3.weights
Classes path: /Users/emilyqin/Desktop/traffic-predictor/yolov3.txt
Does image path exist? True
Image path: /Users/emilyqin/Desktop/traffic-predictor/cropped_screenshot.png
Config path: /Users/emilyqin/Desktop/traffic-predictor/yolov3.cfg
Weights path: /Users/emilyqin/Desktop/traffic-predictor/yolov3.weights
Classes path: /Users/emilyqin/Desktop/traffic-predictor/yolov3.txt
Does image path exist? True
Image path: /Users/emilyqin/Desktop/traffic-predictor/cropped_screenshot.png
Config path: /Users/emilyqin/Desktop/traffic-predictor/yolov3.cfg
Weights path: /Users/emilyqin/Desktop/traffic-predictor/yolov3.weights
Classes path: /Users/emilyqin/Desktop/traffic-predictor/yolov3.txt
Does image path exist? True
Image path: /Users/emilyqin/Desktop/traffic-predictor/cropped_screenshot.png
Config path: /Users/emilyqin/Desktop/traffic-predictor/yolov3.cfg
Weights path: /Users/emilyqin/Desktop/traffic-predictor/yolov3.weights
Classes path: /Users/emilyqin/Desktop/traffic-predictor/yolov3.txt
Does image path exist? True
Image path: /Users/emilyqin/Desktop/traffic-predictor/cropped_screenshot.png
Config path: /Users/emilyqin/Desktop/traffic-predictor/yolov3.cfg
Weights path: /Users/emilyqin/Desktop/traffic-predictor/yolov3.weights
Classes path: /Users/emilyqin/Desktop/traffic-predictor/yolov3.txt
Does image path exist? True
Image path: /Users/emilyqin/Desktop/traffic-predictor/cropped_screenshot.png
Config path: /Users/emilyqin/Desktop/traffic-predictor/yolov3.cfg
Weights path: /Users/emilyqin/Desktop/traffic-predictor/yolov3.weights
Classes path: /Users/emilyqin/Desktop/traffic-predictor/yolov3.txt
Does image path exist? True
Image path: /Users/emilyqin/Desktop/traffic-predictor/cropped_screenshot.png
Config path: /Users/emilyqin/Desktop/traffic-predictor/yolov3.cfg
Weights path: /Users/emilyqin/Desktop/traffic-predictor/yolov3.weights
Classes path: /Users/emilyqin/Desktop/traffic-predictor/yolov3.txt
Does image path exist? True
Image path: /Users/emilyqin/Desktop/traffic-predictor/cropped_screenshot.png
Config path: /Users/emilyqin/Desktop/traffic-predictor/yolov3.cfg
Weights path: /Users/emilyqin/Desktop/traffic-predictor/yolov3.weights
Classes path: /Users/emilyqin/Desktop/traffic-predictor/yolov3.txt
Does image path exist? True
Image path: /Users/emilyqin/Desktop/traffic-predictor/cropped_screenshot.png
Config path: /Users/emilyqin/Desktop/traffic-predictor/yolov3.cfg
Weights path: /Users/emilyqin/Desktop/traffic-predictor/yolov3.weights
Classes path: /Users/emilyqin/Desktop/traffic-predictor/yolov3.txt
Does image path exist? True
Image path: /Users/emilyqin/Desktop/traffic-predictor/cropped_screenshot.png
Config path: /Users/emilyqin/Desktop/traffic-predictor/yolov3.cfg
Weights path: /Users/emilyqin/Desktop/traffic-predictor/yolov3.weights
Classes path: /Users/emilyqin/Desktop/traffic-predictor/yolov3.txt
Does image path exist? True
Image path: /Users/emilyqin/Desktop/traffic-predictor/cropped_screenshot.png
Config path: /Users/emilyqin/Desktop/traffic-predictor/yolov3.cfg
Weights path: /Users/emilyqin/Desktop/traffic-predictor/yolov3.weights
Classes path: /Users/emilyqin/Desktop/traffic-predictor/yolov3.txt
Does image path exist? True
Image path: /Users/emilyqin/Desktop/traffic-predictor/cropped_screenshot.png
Config path: /Users/emilyqin/Desktop/traffic-predictor/yolov3.cfg
Weights path: /Users/emilyqin/Desktop/traffic-predictor/yolov3.weights
Classes path: /Users/emilyqin/Desktop/traffic-predictor/yolov3.txt
Does image path exist? True
Image path: /Users/emilyqin/Desktop/traffic-predictor/cropped_screenshot.png
Config path: /Users/emilyqin/Desktop/traffic-predictor/yolov3.cfg
Weights path: /Users/emilyqin/Desktop/traffic-predictor/yolov3.weights
Classes path: /Users/emilyqin/Desktop/traffic-predictor/yolov3.txt
Does image path exist? True
Image path: /Users/emilyqin/Desktop/traffic-predictor/cropped_screenshot.png
Config path: /Users/emilyqin/Desktop/traffic-predictor/yolov3.cfg
Weights path: /Users/emilyqin/Desktop/traffic-predictor/yolov3.weights
Classes path: /Users/emilyqin/Desktop/traffic-predictor/yolov3.txt
Does image path exist? True
Image path: /Users/emilyqin/Desktop/traffic-predictor/cropped_screenshot.png
Config path: /Users/emilyqin/Desktop/traffic-predictor/yolov3.cfg
Weights path: /Users/emilyqin/Desktop/traffic-predictor/yolov3.weights
Classes path: /Users/emilyqin/Desktop/traffic-predictor/yolov3.txt
Does image path exist? True
Image path: /Users/emilyqin/Desktop/traffic-predictor/cropped_screenshot.png
Config path: /Users/emilyqin/Desktop/traffic-predictor/yolov3.cfg
Weights path: /Users/emilyqin/Desktop/traffic-predictor/yolov3.weights
Classes path: /Users/emilyqin/Desktop/traffic-predictor/yolov3.txt
Does image path exist? True
Image path: /Users/emilyqin/Desktop/traffic-predictor/cropped_screenshot.png
Config path: /Users/emilyqin/Desktop/traffic-predictor/yolov3.cfg
Weights path: /Users/emilyqin/Desktop/traffic-predictor/yolov3.weights
Classes path: /Users/emilyqin/Desktop/traffic-predictor/yolov3.txt
Does image path exist? True
Image path: /Users/emilyqin/Desktop/traffic-predictor/cropped_screenshot.png
Config path: /Users/emilyqin/Desktop/traffic-predictor/yolov3.cfg
Weights path: /Users/emilyqin/Desktop/traffic-predictor/yolov3.weights
Classes path: /Users/emilyqin/Desktop/traffic-predictor/yolov3.txt
Does image path exist? True
Image path: /Users/emilyqin/Desktop/traffic-predictor/cropped_screenshot.png
Config path: /Users/emilyqin/Desktop/traffic-predictor/yolov3.cfg
Weights path: /Users/emilyqin/Desktop/traffic-predictor/yolov3.weights
Classes path: /Users/emilyqin/Desktop/traffic-predictor/yolov3.txt
Does image path exist? True
Image path: /Users/emilyqin/Desktop/traffic-predictor/cropped_screenshot.png
Config path: /Users/emilyqin/Desktop/traffic-predictor/yolov3.cfg
Weights path: /Users/emilyqin/Desktop/traffic-predictor/yolov3.weights
Classes path: /Users/emilyqin/Desktop/traffic-predictor/yolov3.txt
Does image path exist? True
Image path: /Users/emilyqin/Desktop/traffic-predictor/cropped_screenshot.png
Config path: /Users/emilyqin/Desktop/traffic-predictor/yolov3.cfg
Weights path: /Users/emilyqin/Desktop/traffic-predictor/yolov3.weights
Classes path: /Users/emilyqin/Desktop/traffic-predictor/yolov3.txt
Does image path exist? True
Image path: /Users/emilyqin/Desktop/traffic-predictor/cropped_screenshot.png
Config path: /Users/emilyqin/Desktop/traffic-predictor/yolov3.cfg
Weights path: /Users/emilyqin/Desktop/traffic-predictor/yolov3.weights
Classes path: /Users/emilyqin/Desktop/traffic-predictor/yolov3.txt
Does image path exist? True
Image path: /Users/emilyqin/Desktop/traffic-predictor/cropped_screenshot.png
Config path: /Users/emilyqin/Desktop/traffic-predictor/yolov3.cfg
Weights path: /Users/emilyqin/Desktop/traffic-predictor/yolov3.weights
Classes path: /Users/emilyqin/Desktop/traffic-predictor/yolov3.txt
Does image path exist? True
Image path: /Users/emilyqin/Desktop/traffic-predictor/cropped_screenshot.png
Config path: /Users/emilyqin/Desktop/traffic-predictor/yolov3.cfg
Weights path: /Users/emilyqin/Desktop/traffic-predictor/yolov3.weights
Classes path: /Users/emilyqin/Desktop/traffic-predictor/yolov3.txt
Does image path exist? True
Image path: /Users/emilyqin/Desktop/traffic-predictor/cropped_screenshot.png
Config path: /Users/emilyqin/Desktop/traffic-predictor/yolov3.cfg
Weights path: /Users/emilyqin/Desktop/traffic-predictor/yolov3.weights
Classes path: /Users/emilyqin/Desktop/traffic-predictor/yolov3.txt
Does image path exist? True
Image path: /Users/emilyqin/Desktop/traffic-predictor/cropped_screenshot.png
Config path: /Users/emilyqin/Desktop/traffic-predictor/yolov3.cfg
Weights path: /Users/emilyqin/Desktop/traffic-predictor/yolov3.weights
Classes path: /Users/emilyqin/Desktop/traffic-predictor/yolov3.txt
Does image path exist? True
Image path: /Users/emilyqin/Desktop/traffic-predictor/cropped_screenshot.png
Config path: /Users/emilyqin/Desktop/traffic-predictor/yolov3.cfg
Weights path: /Users/emilyqin/Desktop/traffic-predictor/yolov3.weights
Classes path: /Users/emilyqin/Desktop/traffic-predictor/yolov3.txt
Does image path exist? True
